<?xml version="1.0" encoding="UTF-8"?>
<testsuites name="Suite001" time="349.102" tests="2" failures="0" errors="0">
   <testsuite name="Suite001" tests="2" failures="0" errors="0" time="349.102" timestamp="2020-02-05 13:59:16" hostname="shraddhach - SHRADDHACH.cybage.com" id="Test Suites/Suite001">
      <properties>
         <property name="deviceName" value=""/>
         <property name="devicePlatform" value=""/>
         <property name="logFolder" value="C:\\Users\\shraddhach\\git\\KatalonTest\\Reports\\20200205_135912\\Suite001\\20200205_135912"/>
         <property name="logFiles" value="C:\\Users\\shraddhach\\git\\KatalonTest\\Reports\\20200205_135912\\Suite001\\20200205_135912\\execution0.log"/>
         <property name="attachments" value="C:\\Users\\shraddhach\\git\\KatalonTest\\Reports\\20200205_135912\\Suite001\\20200205_135912\\1580891697232.png, C:\\Users\\shraddhach\\git\\KatalonTest\\Reports\\20200205_135912\\Suite001\\20200205_135912\\1580891704391.png"/>
         <property name="hostName" value="shraddhach - SHRADDHACH.cybage.com"/>
         <property name="os" value="Windows 8.1 64bit"/>
         <property name="katalonVersion" value="7.2.1.1"/>
         <property name="browser" value="Chrome 79.0.3945.130"/>
         <property name="hostAddress" value="172.28.52.13"/>
         <property name="sessionId" value="510657acd8e654dbe03c236314e3ab4c"/>
         <property name="seleniumVersion" value="3.141.59"/>
         <property name="proxyInformation" value="ProxyInformation{proxyOption=NO_PROXY, proxyServerType=HTTP, password=, proxyServerAddress=, proxyServerPort=0, executionList=}"/>
         <property name="platform" value="Windows 8.1"/>
      </properties>
      <testcase name="Test Cases/WashTest" time="179.248" classname="Test Cases/WashTest" status="PASSED">
         <system-out><![CDATA[2020-02-05 13:59:17 - [TEST_CASE][PASSED] - Test Cases/WashTest: Test Cases/WashTest

2020-02-05 13:59:17 - [TEST_STEP][PASSED] - openBrowser(""): Browser is opened with url: ''

2020-02-05 13:59:17 - [MESSAGE][INFO] - Starting 'Chrome' driver

2020-02-05 13:59:17 - [MESSAGE][INFO] - Action delay is set to 0 seconds

2020-02-05 13:59:44 - [MESSAGE][PASSED] - Browser is opened with url: ''

2020-02-05 13:59:44 - [TEST_STEP][PASSED] - navigateToUrl("https://www.wash.com/"): Navigate to 'https://www.wash.com/' successfully

2020-02-05 14:00:30 - [MESSAGE][PASSED] - Navigate to 'https://www.wash.com/' successfully

2020-02-05 14:00:30 - [TEST_STEP][PASSED] - maximizeWindow(): Current window maximized

2020-02-05 14:00:32 - [MESSAGE][PASSED] - Current window maximized

2020-02-05 14:00:32 - [TEST_STEP][PASSED] - click(findTestObject("Object Repository/washObjRepo/Page_WASH  Let us take care of your laundry/a_Mobile Pay")): Object: 'Object Repository/washObjRepo/Page_WASH  Let us take care of your laundry/a_Mobile Pay' is clicked on

2020-02-05 14:00:43 - [MESSAGE][PASSED] - Object: 'Object Repository/washObjRepo/Page_WASH  Let us take care of your laundry/a_Mobile Pay' is clicked on

2020-02-05 14:00:43 - [TEST_STEP][PASSED] - selectOptionByValue(findTestObject("Object Repository/washObjRepo/Page_Mobile App  WASH/select_Please selectResidentProperty Owner _5ba5f2"), "Property Owner / Manager", true): All options with value 'Property Owner / Manager' are selected in object 'Object Repository/washObjRepo/Page_Mobile App  WASH/select_Please selectResidentProperty Owner _5ba5f2'  using regular expression

2020-02-05 14:00:55 - [MESSAGE][PASSED] - All options with value 'Property Owner / Manager' are selected in object 'Object Repository/washObjRepo/Page_Mobile App  WASH/select_Please selectResidentProperty Owner _5ba5f2'  using regular expression

2020-02-05 14:00:55 - [TEST_STEP][PASSED] - mySetText("washObjRepo/Page_Mobile App  WASH/firstname", "shraddha"): null

2020-02-05 14:00:55 - [TEST_STEP][PASSED] - setText(findTestObject(ob), s): Text 'shraddha' is set on object 'Object Repository/washObjRepo/Page_Mobile App  WASH/firstname'

2020-02-05 14:00:57 - [MESSAGE][PASSED] - Text 'shraddha' is set on object 'Object Repository/washObjRepo/Page_Mobile App  WASH/firstname'

2020-02-05 14:00:57 - [TEST_STEP][PASSED] - mySetText("washObjRepo/Page_Mobile App  WASH/phone number", "98764553543"): null

2020-02-05 14:00:57 - [TEST_STEP][PASSED] - setText(findTestObject(ob), s): Text '98764553543' is set on object 'Object Repository/washObjRepo/Page_Mobile App  WASH/phone number'

2020-02-05 14:00:57 - [MESSAGE][PASSED] - Text '98764553543' is set on object 'Object Repository/washObjRepo/Page_Mobile App  WASH/phone number'

2020-02-05 14:00:57 - [TEST_STEP][PASSED] - mySetText("washObjRepo/Page_Mobile App  WASH/email", "dgdghbmjbm"): null

2020-02-05 14:00:57 - [TEST_STEP][PASSED] - setText(findTestObject(ob), s): Text 'dgdghbmjbm' is set on object 'Object Repository/washObjRepo/Page_Mobile App  WASH/email'

2020-02-05 14:00:58 - [MESSAGE][PASSED] - Text 'dgdghbmjbm' is set on object 'Object Repository/washObjRepo/Page_Mobile App  WASH/email'

2020-02-05 14:00:58 - [TEST_STEP][PASSED] - mySetText("washObjRepo/Page_Mobile App  WASH/zipcode", "hjbjhbn"): null

2020-02-05 14:00:58 - [TEST_STEP][PASSED] - setText(findTestObject(ob), s): Text 'hjbjhbn' is set on object 'Object Repository/washObjRepo/Page_Mobile App  WASH/zipcode'

2020-02-05 14:00:58 - [MESSAGE][PASSED] - Text 'hjbjhbn' is set on object 'Object Repository/washObjRepo/Page_Mobile App  WASH/zipcode'

2020-02-05 14:00:58 - [TEST_STEP][PASSED] - myClick("Object Repository/washObjRepo/Page_Mobile App  WASH/span_Send"): null

2020-02-05 14:00:58 - [TEST_STEP][PASSED] - click(findTestObject(ob)): Object: 'Object Repository/washObjRepo/Page_Mobile App  WASH/span_Send' is clicked on

2020-02-05 14:01:00 - [MESSAGE][PASSED] - Object: 'Object Repository/washObjRepo/Page_Mobile App  WASH/span_Send' is clicked on

2020-02-05 14:01:00 - [TEST_STEP][PASSED] - mySetText("washObjRepo/Page_Mobile App  WASH/lastname", "gyubjjhbjh"): null

2020-02-05 14:01:00 - [TEST_STEP][PASSED] - setText(findTestObject(ob), s): Text 'gyubjjhbjh' is set on object 'Object Repository/washObjRepo/Page_Mobile App  WASH/lastname'

2020-02-05 14:01:01 - [MESSAGE][PASSED] - Text 'gyubjjhbjh' is set on object 'Object Repository/washObjRepo/Page_Mobile App  WASH/lastname'

2020-02-05 14:01:01 - [TEST_STEP][PASSED] - myClick("Object Repository/washObjRepo/Page_Mobile App  WASH/span_Send"): null

2020-02-05 14:01:01 - [TEST_STEP][PASSED] - click(findTestObject(ob)): Object: 'Object Repository/washObjRepo/Page_Mobile App  WASH/span_Send' is clicked on

2020-02-05 14:01:02 - [MESSAGE][PASSED] - Object: 'Object Repository/washObjRepo/Page_Mobile App  WASH/span_Send' is clicked on

2020-02-05 14:01:02 - [TEST_STEP][PASSED] - myClick("Object Repository/washObjRepo/Page_Mobile App  WASH/img"): null

2020-02-05 14:01:02 - [TEST_STEP][PASSED] - click(findTestObject(ob)): Object: 'Object Repository/washObjRepo/Page_Mobile App  WASH/img' is clicked on

2020-02-05 14:01:03 - [MESSAGE][PASSED] - Object: 'Object Repository/washObjRepo/Page_Mobile App  WASH/img' is clicked on

2020-02-05 14:01:03 - [TEST_STEP][PASSED] - myClick("Object Repository/washObjRepo/Page_Mobile App  WASH/img_Get a Quote_tog-ele"): null

2020-02-05 14:01:03 - [TEST_STEP][PASSED] - click(findTestObject(ob)): Object: 'Object Repository/washObjRepo/Page_Mobile App  WASH/img_Get a Quote_tog-ele' is clicked on

2020-02-05 14:01:04 - [MESSAGE][PASSED] - Object: 'Object Repository/washObjRepo/Page_Mobile App  WASH/img_Get a Quote_tog-ele' is clicked on

2020-02-05 14:01:04 - [TEST_STEP][PASSED] - mySetText("Object Repository/washObjRepo/Page_Mobile App  WASH/input_Get a Quote_s", "abc"): null

2020-02-05 14:01:04 - [TEST_STEP][PASSED] - setText(findTestObject(ob), s): Text 'abc' is set on object 'Object Repository/washObjRepo/Page_Mobile App  WASH/input_Get a Quote_s'

2020-02-05 14:01:05 - [MESSAGE][PASSED] - Text 'abc' is set on object 'Object Repository/washObjRepo/Page_Mobile App  WASH/input_Get a Quote_s'

2020-02-05 14:01:05 - [TEST_STEP][PASSED] - selectOptionByValue(findTestObject("Object Repository/washObjRepo/Page_Mobile App  WASH/select_Please selectResidentProperty Owner _5ba5f2"), "Resident", true): All options with value 'Resident' are selected in object 'Object Repository/washObjRepo/Page_Mobile App  WASH/select_Please selectResidentProperty Owner _5ba5f2'  using regular expression

2020-02-05 14:01:06 - [MESSAGE][PASSED] - All options with value 'Resident' are selected in object 'Object Repository/washObjRepo/Page_Mobile App  WASH/select_Please selectResidentProperty Owner _5ba5f2'  using regular expression

2020-02-05 14:01:06 - [TEST_STEP][PASSED] - myClick("Object Repository/washObjRepo/Page_Mobile App  WASH/img_1"): null

2020-02-05 14:01:06 - [TEST_STEP][PASSED] - click(findTestObject(ob)): Object: 'Object Repository/washObjRepo/Page_Mobile App  WASH/img_1' is clicked on

2020-02-05 14:01:14 - [MESSAGE][PASSED] - Object: 'Object Repository/washObjRepo/Page_Mobile App  WASH/img_1' is clicked on

2020-02-05 14:01:14 - [TEST_STEP][PASSED] - myClick("Object Repository/washObjRepo/Page_WASH  Let us take care of your laundry/img"): null

2020-02-05 14:01:14 - [TEST_STEP][PASSED] - click(findTestObject(ob)): Object: 'Object Repository/washObjRepo/Page_WASH  Let us take care of your laundry/img' is clicked on

2020-02-05 14:01:15 - [MESSAGE][PASSED] - Object: 'Object Repository/washObjRepo/Page_WASH  Let us take care of your laundry/img' is clicked on

2020-02-05 14:01:15 - [TEST_STEP][PASSED] - myClick("Object Repository/washObjRepo/Page_Mobile App  WASH/Residents"): null

2020-02-05 14:01:15 - [TEST_STEP][PASSED] - click(findTestObject(ob)): Object: 'Object Repository/washObjRepo/Page_Mobile App  WASH/Residents' is clicked on

2020-02-05 14:01:23 - [MESSAGE][PASSED] - Object: 'Object Repository/washObjRepo/Page_Mobile App  WASH/Residents' is clicked on

2020-02-05 14:01:23 - [TEST_STEP][PASSED] - myClick("Object Repository/washObjRepo/Page_WASH  Let us take care of your laundry/ResidentNextButton"): null

2020-02-05 14:01:23 - [TEST_STEP][PASSED] - click(findTestObject(ob)): Object: 'Object Repository/washObjRepo/Page_WASH  Let us take care of your laundry/ResidentNextButton' is clicked on

2020-02-05 14:01:37 - [MESSAGE][PASSED] - Object: 'Object Repository/washObjRepo/Page_WASH  Let us take care of your laundry/ResidentNextButton' is clicked on

2020-02-05 14:01:37 - [TEST_STEP][PASSED] - click(findTestObject("Object Repository/washObjRepo/Page_WASH  Let us take care of your laundry/AddingDetergent")): Object: 'Object Repository/washObjRepo/Page_WASH  Let us take care of your laundry/AddingDetergent' is clicked on

2020-02-05 14:01:40 - [MESSAGE][ERROR] - move target out of bounds
  (Session info: chrome=79.0.3945.130)
Build info: version: '3.141.59', revision: 'e82be7d358', time: '2018-11-14T08:25:53'
System info: host: 'SHRADDHACH', ip: '172.28.52.13', os.name: 'Windows 8.1', os.arch: 'amd64', os.version: '6.3', java.version: '1.8.0_181'
Driver info: com.kms.katalon.selenium.driver.CChromeDriver
Capabilities {acceptInsecureCerts: false, browserName: chrome, browserVersion: 79.0.3945.130, chrome: {chromedriverVersion: 79.0.3945.36 (3582db32b3389..., userDataDir: C:\Users\SHRADD~1\AppData\L...}, goog:chromeOptions: {debuggerAddress: localhost:54681}, javascriptEnabled: true, networkConnectionEnabled: false, pageLoadStrategy: normal, platform: WINDOWS, platformName: WINDOWS, proxy: Proxy(), setWindowRect: true, strictFileInteractability: false, timeouts: {implicit: 0, pageLoad: 300000, script: 30000}, unhandledPromptBehavior: dismiss and notify}
Session ID: 490bc5e759e732ad38f97111608099ae

2020-02-05 14:02:12 - [MESSAGE][ERROR] - move target out of bounds
  (Session info: chrome=79.0.3945.130)
Build info: version: '3.141.59', revision: 'e82be7d358', time: '2018-11-14T08:25:53'
System info: host: 'SHRADDHACH', ip: '172.28.52.13', os.name: 'Windows 8.1', os.arch: 'amd64', os.version: '6.3', java.version: '1.8.0_181'
Driver info: com.kms.katalon.selenium.driver.CChromeDriver
Capabilities {acceptInsecureCerts: false, browserName: chrome, browserVersion: 79.0.3945.130, chrome: {chromedriverVersion: 79.0.3945.36 (3582db32b3389..., userDataDir: C:\Users\SHRADD~1\AppData\L...}, goog:chromeOptions: {debuggerAddress: localhost:54681}, javascriptEnabled: true, networkConnectionEnabled: false, pageLoadStrategy: normal, platform: WINDOWS, platformName: WINDOWS, proxy: Proxy(), setWindowRect: true, strictFileInteractability: false, timeouts: {implicit: 0, pageLoad: 300000, script: 30000}, unhandledPromptBehavior: dismiss and notify}
Session ID: 490bc5e759e732ad38f97111608099ae

2020-02-05 14:02:12 - [MESSAGE][PASSED] - Object: 'Object Repository/washObjRepo/Page_WASH  Let us take care of your laundry/AddingDetergent' is clicked on

2020-02-05 14:02:12 - [TEST_STEP][PASSED] - closeBrowser(): Browser is closed

2020-02-05 14:02:15 - [MESSAGE][PASSED] - Browser is closed]]></system-out>
         <system-err><![CDATA[]]></system-err>
      </testcase>
      <testcase name="Test Cases/TestDemo" time="167.806" classname="Test Cases/TestDemo" status="PASSED">
         <system-out><![CDATA[2020-02-05 14:02:17 - [TEST_CASE][PASSED] - Test Cases/TestDemo: Test Cases/TestDemo

2020-02-05 14:02:20 - [TEST_STEP][PASSED] - openBrowser(""): Browser is opened with url: ''

2020-02-05 14:02:20 - [MESSAGE][INFO] - Starting 'Chrome' driver

2020-02-05 14:02:24 - [MESSAGE][PASSED] - Browser is opened with url: ''

2020-02-05 14:02:24 - [TEST_STEP][PASSED] - navigateToUrl("http://demo.automationtesting.in/"): Navigate to 'http://demo.automationtesting.in/' successfully

2020-02-05 14:02:28 - [MESSAGE][PASSED] - Navigate to 'http://demo.automationtesting.in/' successfully

2020-02-05 14:02:28 - [TEST_STEP][PASSED] - click(findTestObject("Object Repository/DemoTest/Page_Index/img_Skip Sign In_enterimg")): Object: 'Object Repository/DemoTest/Page_Index/img_Skip Sign In_enterimg' is clicked on

2020-02-05 14:02:42 - [MESSAGE][PASSED] - Object: 'Object Repository/DemoTest/Page_Index/img_Skip Sign In_enterimg' is clicked on

2020-02-05 14:02:42 - [TEST_STEP][PASSED] - setText(findTestObject("Object Repository/DemoTest/Page_Register/input_Full Name_form-control ng-pristine ng_10dee7"), "shraddha"): Text 'shraddha' is set on object 'Object Repository/DemoTest/Page_Register/input_Full Name_form-control ng-pristine ng_10dee7'

2020-02-05 14:02:43 - [MESSAGE][PASSED] - Text 'shraddha' is set on object 'Object Repository/DemoTest/Page_Register/input_Full Name_form-control ng-pristine ng_10dee7'

2020-02-05 14:02:43 - [TEST_STEP][PASSED] - setText(findTestObject("Object Repository/DemoTest/Page_Register/input_Full Name_form-control ng-pristine ng_10dee7_1"), "chandrakar"): Text 'chandrakar' is set on object 'Object Repository/DemoTest/Page_Register/input_Full Name_form-control ng-pristine ng_10dee7_1'

2020-02-05 14:02:44 - [MESSAGE][PASSED] - Text 'chandrakar' is set on object 'Object Repository/DemoTest/Page_Register/input_Full Name_form-control ng-pristine ng_10dee7_1'

2020-02-05 14:02:44 - [TEST_STEP][PASSED] - setText(findTestObject("Object Repository/DemoTest/Page_Register/textarea_Address_form-control ng-untouched _b1abf7"), "keshav nagar"): Text 'keshav nagar' is set on object 'Object Repository/DemoTest/Page_Register/textarea_Address_form-control ng-untouched _b1abf7'

2020-02-05 14:02:44 - [MESSAGE][PASSED] - Text 'keshav nagar' is set on object 'Object Repository/DemoTest/Page_Register/textarea_Address_form-control ng-untouched _b1abf7'

2020-02-05 14:02:44 - [TEST_STEP][PASSED] - setText(findTestObject("Object Repository/DemoTest/Page_Register/input_Email address_form-control ng-untouch_b58296"), "shraddhach@sybage.com"): Text 'shraddhach@sybage.com' is set on object 'Object Repository/DemoTest/Page_Register/input_Email address_form-control ng-untouch_b58296'

2020-02-05 14:02:45 - [MESSAGE][PASSED] - Text 'shraddhach@sybage.com' is set on object 'Object Repository/DemoTest/Page_Register/input_Email address_form-control ng-untouch_b58296'

2020-02-05 14:02:45 - [TEST_STEP][PASSED] - setText(findTestObject("Object Repository/DemoTest/Page_Register/input_Phone_form-control ng-untouched ng-in_c98163"), "9876543219"): Text '9876543219' is set on object 'Object Repository/DemoTest/Page_Register/input_Phone_form-control ng-untouched ng-in_c98163'

2020-02-05 14:02:46 - [MESSAGE][PASSED] - Text '9876543219' is set on object 'Object Repository/DemoTest/Page_Register/input_Phone_form-control ng-untouched ng-in_c98163'

2020-02-05 14:02:46 - [TEST_STEP][PASSED] - click(findTestObject("Object Repository/DemoTest/Page_Register/input_FeMale_radiooptions")): Object: 'Object Repository/DemoTest/Page_Register/input_FeMale_radiooptions' is clicked on

2020-02-05 14:02:48 - [MESSAGE][PASSED] - Object: 'Object Repository/DemoTest/Page_Register/input_FeMale_radiooptions' is clicked on

2020-02-05 14:02:48 - [TEST_STEP][PASSED] - click(findTestObject("Object Repository/DemoTest/Page_Register/input_Cricket_checkbox2")): Object: 'Object Repository/DemoTest/Page_Register/input_Cricket_checkbox2' is clicked on

2020-02-05 14:02:48 - [MESSAGE][PASSED] - Object: 'Object Repository/DemoTest/Page_Register/input_Cricket_checkbox2' is clicked on

2020-02-05 14:02:48 - [TEST_STEP][PASSED] - click(findTestObject("Object Repository/DemoTest/Page_Register/div_Languages_msdd")): Object: 'Object Repository/DemoTest/Page_Register/div_Languages_msdd' is clicked on

2020-02-05 14:02:52 - [MESSAGE][PASSED] - Object: 'Object Repository/DemoTest/Page_Register/div_Languages_msdd' is clicked on

2020-02-05 14:02:52 - [TEST_STEP][PASSED] - click(findTestObject("Object Repository/DemoTest/Page_Register/a_Hindi")): Object: 'Object Repository/DemoTest/Page_Register/a_Hindi' is clicked on

2020-02-05 14:02:52 - [MESSAGE][PASSED] - Object: 'Object Repository/DemoTest/Page_Register/a_Hindi' is clicked on

2020-02-05 14:02:52 - [TEST_STEP][PASSED] - click(findTestObject("Object Repository/DemoTest/Page_Register/div_(adsbygoogle  windowadsbygoogle  )push(_930220")): Object: 'Object Repository/DemoTest/Page_Register/div_(adsbygoogle  windowadsbygoogle  )push(_930220' is clicked on

2020-02-05 14:02:53 - [MESSAGE][PASSED] - Object: 'Object Repository/DemoTest/Page_Register/div_(adsbygoogle  windowadsbygoogle  )push(_930220' is clicked on

2020-02-05 14:02:53 - [TEST_STEP][PASSED] - selectOptionByValue(findTestObject("Object Repository/DemoTest/Page_Register/select_Select Skills                       _fcf818"), "Python", true): All options with value 'Python' are selected in object 'Object Repository/DemoTest/Page_Register/select_Select Skills                       _fcf818'  using regular expression

2020-02-05 14:02:55 - [MESSAGE][PASSED] - All options with value 'Python' are selected in object 'Object Repository/DemoTest/Page_Register/select_Select Skills                       _fcf818'  using regular expression

2020-02-05 14:02:55 - [TEST_STEP][PASSED] - selectOptionByValue(findTestObject("Object Repository/DemoTest/Page_Register/select_Select Country                      _cc64b6"), "India", true): All options with value 'India' are selected in object 'Object Repository/DemoTest/Page_Register/select_Select Country                      _cc64b6'  using regular expression

2020-02-05 14:03:05 - [MESSAGE][PASSED] - All options with value 'India' are selected in object 'Object Repository/DemoTest/Page_Register/select_Select Country                      _cc64b6'  using regular expression

2020-02-05 14:03:05 - [TEST_STEP][PASSED] - click(findTestObject("Object Repository/DemoTest/Page_Register/span_Select Country _select2-selection sele_4ca78e")): Object: 'Object Repository/DemoTest/Page_Register/span_Select Country _select2-selection sele_4ca78e' is clicked on

2020-02-05 14:03:06 - [MESSAGE][PASSED] - Object: 'Object Repository/DemoTest/Page_Register/span_Select Country _select2-selection sele_4ca78e' is clicked on

2020-02-05 14:03:06 - [TEST_STEP][PASSED] - selectOptionByValue(findTestObject("Object Repository/DemoTest/Page_Register/select_year                             191_0e56cb"), "1993", true): All options with value '1993' are selected in object 'Object Repository/DemoTest/Page_Register/select_year                             191_0e56cb'  using regular expression

2020-02-05 14:03:09 - [MESSAGE][PASSED] - All options with value '1993' are selected in object 'Object Repository/DemoTest/Page_Register/select_year                             191_0e56cb'  using regular expression

2020-02-05 14:03:09 - [TEST_STEP][PASSED] - selectOptionByValue(findTestObject("Object Repository/DemoTest/Page_Register/select_Month                               _920c21"), "October", true): All options with value 'October' are selected in object 'Object Repository/DemoTest/Page_Register/select_Month                               _920c21'  using regular expression

2020-02-05 14:03:11 - [MESSAGE][PASSED] - All options with value 'October' are selected in object 'Object Repository/DemoTest/Page_Register/select_Month                               _920c21'  using regular expression

2020-02-05 14:03:11 - [TEST_STEP][PASSED] - selectOptionByValue(findTestObject("Object Repository/DemoTest/Page_Register/select_Day                                 _6d848d"), "13", true): All options with value '13' are selected in object 'Object Repository/DemoTest/Page_Register/select_Day                                 _6d848d'  using regular expression

2020-02-05 14:03:13 - [MESSAGE][PASSED] - All options with value '13' are selected in object 'Object Repository/DemoTest/Page_Register/select_Day                                 _6d848d'  using regular expression

2020-02-05 14:03:13 - [TEST_STEP][PASSED] - setEncryptedText(findTestObject("Object Repository/DemoTest/Page_Register/input_Password_firstpassword"), "p4y+y39Ir5Ov+WEY7KiS/A=="): Text ****** has been set on object 'Object Repository/DemoTest/Page_Register/input_Password_firstpassword'

2020-02-05 14:03:35 - [MESSAGE][PASSED] - Text ****** has been set on object 'Object Repository/DemoTest/Page_Register/input_Password_firstpassword'

2020-02-05 14:03:35 - [TEST_STEP][PASSED] - setEncryptedText(findTestObject("Object Repository/DemoTest/Page_Register/input_Confirm Password_secondpassword"), "p4y+y39Ir5Ov+WEY7KiS/A=="): Text ****** has been set on object 'Object Repository/DemoTest/Page_Register/input_Confirm Password_secondpassword'

2020-02-05 14:03:36 - [MESSAGE][PASSED] - Text ****** has been set on object 'Object Repository/DemoTest/Page_Register/input_Confirm Password_secondpassword'

2020-02-05 14:03:36 - [TEST_STEP][PASSED] - mouseover("Object Repository/DemoTest/Page_Register/a_SwitchTo"): null

2020-02-05 14:03:36 - [TEST_STEP][PASSED] - mouseOver(findTestObject(ob)): Object: 'Object Repository/DemoTest/Page_Register/a_SwitchTo' is hovered

2020-02-05 14:03:40 - [MESSAGE][PASSED] - Object: 'Object Repository/DemoTest/Page_Register/a_SwitchTo' is hovered

2020-02-05 14:03:40 - [TEST_STEP][PASSED] - click(findTestObject("Object Repository/DemoTest/Page_Web Table/a_Alerts")): Object: 'Object Repository/DemoTest/Page_Web Table/a_Alerts' is clicked on

2020-02-05 14:04:21 - [MESSAGE][PASSED] - Object: 'Object Repository/DemoTest/Page_Web Table/a_Alerts' is clicked on

2020-02-05 14:04:21 - [TEST_STEP][PASSED] - click(findTestObject("Object Repository/DemoTest/Page_Alerts/a_Alert with Textbox")): Object: 'Object Repository/DemoTest/Page_Alerts/a_Alert with Textbox' is clicked on

2020-02-05 14:04:22 - [MESSAGE][PASSED] - Object: 'Object Repository/DemoTest/Page_Alerts/a_Alert with Textbox' is clicked on

2020-02-05 14:04:22 - [TEST_STEP][PASSED] - click(findTestObject("Object Repository/DemoTest/Page_Alerts/button_click the button to demonstrate the prompt box")): Object: 'Object Repository/DemoTest/Page_Alerts/button_click the button to demonstrate the prompt box' is clicked on

2020-02-05 14:04:22 - [MESSAGE][PASSED] - Object: 'Object Repository/DemoTest/Page_Alerts/button_click the button to demonstrate the prompt box' is clicked on

2020-02-05 14:04:22 - [TEST_STEP][PASSED] - waitForAlert(5): Alert is present after 5 second(s).

2020-02-05 14:04:22 - [MESSAGE][PASSED] - Alert is present after 5 second(s).

2020-02-05 14:04:22 - [TEST_STEP][PASSED] - setAlertText("hello"): Set alert text 'hello' successfully

2020-02-05 14:04:22 - [MESSAGE][PASSED] - Set alert text 'hello' successfully

2020-02-05 14:04:22 - [TEST_STEP][PASSED] - mouseover("Object Repository/DemoTest/Page_Register/a_SwitchTo"): null

2020-02-05 14:04:22 - [TEST_STEP][PASSED] - mouseOver(findTestObject(ob)): Object: 'Object Repository/DemoTest/Page_Register/a_SwitchTo' is hovered

2020-02-05 14:04:23 - [MESSAGE][PASSED] - Object: 'Object Repository/DemoTest/Page_Register/a_SwitchTo' is hovered

2020-02-05 14:04:23 - [TEST_STEP][PASSED] - click(findTestObject("Object Repository/DemoTest/Page_Register/a_Windows")): Object: 'Object Repository/DemoTest/Page_Register/a_Windows' is clicked on

2020-02-05 14:04:32 - [MESSAGE][PASSED] - Object: 'Object Repository/DemoTest/Page_Register/a_Windows' is clicked on

2020-02-05 14:04:32 - [TEST_STEP][PASSED] - click(findTestObject("Object Repository/DemoTest/Page_Frames  windows/button_click")): Object: 'Object Repository/DemoTest/Page_Frames  windows/button_click' is clicked on

2020-02-05 14:04:33 - [MESSAGE][PASSED] - Object: 'Object Repository/DemoTest/Page_Frames  windows/button_click' is clicked on

2020-02-05 14:04:33 - [TEST_STEP][PASSED] - waitForPageLoad(10): Wait for page load successfully

2020-02-05 14:04:38 - [MESSAGE][PASSED] - Wait for page load successfully

2020-02-05 14:04:38 - [TEST_STEP][PASSED] - closeWindowIndex(1): Window with index 1 is closed

2020-02-05 14:04:39 - [MESSAGE][PASSED] - Window with index 1 is closed

2020-02-05 14:04:39 - [TEST_STEP][PASSED] - switchToWindowIndex(0): Switched to window with index: '0'

2020-02-05 14:04:40 - [MESSAGE][PASSED] - Switched to window with index: '0'

2020-02-05 14:04:40 - [TEST_STEP][PASSED] - refresh(): Refresh successfully

2020-02-05 14:04:47 - [MESSAGE][PASSED] - Refresh successfully

2020-02-05 14:04:47 - [TEST_STEP][PASSED] - click(findTestObject("Object Repository/DemoTest/Page_Frames  windows/a_Open New Seperate Windows")): Object: 'Object Repository/DemoTest/Page_Frames  windows/a_Open New Seperate Windows' is clicked on

2020-02-05 14:04:47 - [MESSAGE][PASSED] - Object: 'Object Repository/DemoTest/Page_Frames  windows/a_Open New Seperate Windows' is clicked on

2020-02-05 14:04:47 - [TEST_STEP][PASSED] - click(findTestObject("Object Repository/DemoTest/Page_Frames  windows/button_click_1")): Object: 'Object Repository/DemoTest/Page_Frames  windows/button_click_1' is clicked on

2020-02-05 14:04:48 - [MESSAGE][PASSED] - Object: 'Object Repository/DemoTest/Page_Frames  windows/button_click_1' is clicked on

2020-02-05 14:04:48 - [TEST_STEP][PASSED] - maximizeWindow(): Current window maximized

2020-02-05 14:04:49 - [MESSAGE][PASSED] - Current window maximized

2020-02-05 14:04:49 - [TEST_STEP][PASSED] - waitForPageLoad(10): Wait for page load successfully

2020-02-05 14:04:49 - [MESSAGE][PASSED] - Wait for page load successfully

2020-02-05 14:04:49 - [TEST_STEP][PASSED] - closeWindowIndex(1): Window with index 1 is closed

2020-02-05 14:04:50 - [MESSAGE][PASSED] - Window with index 1 is closed

2020-02-05 14:04:50 - [TEST_STEP][PASSED] - switchToWindowIndex(0): Switched to window with index: '0'

2020-02-05 14:04:50 - [MESSAGE][PASSED] - Switched to window with index: '0'

2020-02-05 14:04:50 - [TEST_STEP][PASSED] - mouseover("Object Repository/DemoTest/Page_Register/a_SwitchTo"): null

2020-02-05 14:04:50 - [TEST_STEP][PASSED] - mouseOver(findTestObject(ob)): Object: 'Object Repository/DemoTest/Page_Register/a_SwitchTo' is hovered

2020-02-05 14:04:51 - [MESSAGE][PASSED] - Object: 'Object Repository/DemoTest/Page_Register/a_SwitchTo' is hovered

2020-02-05 14:04:51 - [TEST_STEP][PASSED] - click(findTestObject("Object Repository/DemoTest/Page_Frames/a_Frames")): Object: 'Object Repository/DemoTest/Page_Frames/a_Frames' is clicked on

2020-02-05 14:04:55 - [MESSAGE][PASSED] - Object: 'Object Repository/DemoTest/Page_Frames/a_Frames' is clicked on

2020-02-05 14:04:55 - [TEST_STEP][PASSED] - switchToFrame(findTestObject("Object Repository/DemoTest/Page_Frames/a_Single Iframe"), 5): null

2020-02-05 14:04:55 - [TEST_STEP][PASSED] - setText(findTestObject("Object Repository/DemoTest/Page_Frames/single Iframe input field"), "shraddha"): Text 'shraddha' is set on object 'Object Repository/DemoTest/Page_Frames/single Iframe input field'

2020-02-05 14:04:55 - [MESSAGE][PASSED] - Text 'shraddha' is set on object 'Object Repository/DemoTest/Page_Frames/single Iframe input field'

2020-02-05 14:04:55 - [TEST_STEP][PASSED] - switchToDefaultContent(): null

2020-02-05 14:04:55 - [TEST_STEP][PASSED] - takeScreenshot(STOP_ON_FAILURE): Taking screenshot successfully

2020-02-05 14:04:58 - [MESSAGE][PASSED] - Taking screenshot successfully
[[ATTACHMENT|C:\\Users\\shraddhach\\git\\KatalonTest\\Reports\\20200205_135912\\Suite001\\20200205_135912\\1580891697232.png]]

2020-02-05 14:04:58 - [TEST_STEP][PASSED] - mouseover("Object Repository/DemoTest/Page_Register/a_More"): null

2020-02-05 14:04:58 - [TEST_STEP][PASSED] - mouseOver(findTestObject(ob)): Object: 'Object Repository/DemoTest/Page_Register/a_More' is hovered

2020-02-05 14:04:58 - [MESSAGE][PASSED] - Object: 'Object Repository/DemoTest/Page_Register/a_More' is hovered

2020-02-05 14:04:58 - [TEST_STEP][PASSED] - click(findTestObject("Object Repository/DemoTest/Page_Register/a_File Upload")): Object: 'Object Repository/DemoTest/Page_Register/a_File Upload' is clicked on

2020-02-05 14:05:03 - [MESSAGE][PASSED] - Object: 'Object Repository/DemoTest/Page_Register/a_File Upload' is clicked on

2020-02-05 14:05:03 - [TEST_STEP][PASSED] - uploadFile(findTestObject("Object Repository/DemoTest/Page_File input - Multi select/input_Browse _input4"), "D:\images.jpg"): File 'D:\images.jpg' sent to object: 'Object Repository/DemoTest/Page_File input - Multi select/input_Browse _input4'

2020-02-05 14:05:03 - [MESSAGE][PASSED] - File 'D:\images.jpg' sent to object: 'Object Repository/DemoTest/Page_File input - Multi select/input_Browse _input4'

2020-02-05 14:05:03 - [TEST_STEP][PASSED] - takeScreenshot(): Taking screenshot successfully

2020-02-05 14:05:04 - [MESSAGE][PASSED] - Taking screenshot successfully
[[ATTACHMENT|C:\\Users\\shraddhach\\git\\KatalonTest\\Reports\\20200205_135912\\Suite001\\20200205_135912\\1580891704391.png]]]]></system-out>
         <system-err><![CDATA[]]></system-err>
      </testcase>
      <system-out><![CDATA[2020-02-05 13:59:16 - [TEST_SUITE][PASSED] - Suite001: Test Cases/TestDemo]]></system-out>
      <system-err><![CDATA[]]></system-err>
   </testsuite>
</testsuites>
